{"total": {"lines":{"total":591,"covered":559,"skipped":0,"pct":94.59},"statements":{"total":591,"covered":559,"skipped":0,"pct":94.59},"functions":{"total":53,"covered":48,"skipped":0,"pct":90.57},"branches":{"total":107,"covered":102,"skipped":0,"pct":95.33}}
,"C:\\SoftwareStuff\\Projects\\collections\\src\\equality-set\\equality-set.ts": {"lines":{"total":20,"covered":20,"skipped":0,"pct":100},"functions":{"total":3,"covered":3,"skipped":0,"pct":100},"statements":{"total":20,"covered":20,"skipped":0,"pct":100},"branches":{"total":5,"covered":5,"skipped":0,"pct":100}}
,"C:\\SoftwareStuff\\Projects\\collections\\src\\graph\\graph.ts": {"lines":{"total":97,"covered":93,"skipped":0,"pct":95.88},"functions":{"total":9,"covered":8,"skipped":0,"pct":88.89},"statements":{"total":97,"covered":93,"skipped":0,"pct":95.88},"branches":{"total":21,"covered":20,"skipped":0,"pct":95.24}}
,"C:\\SoftwareStuff\\Projects\\collections\\src\\graph\\graph-node\\graph-node.ts": {"lines":{"total":114,"covered":112,"skipped":0,"pct":98.25},"functions":{"total":9,"covered":9,"skipped":0,"pct":100},"statements":{"total":114,"covered":112,"skipped":0,"pct":98.25},"branches":{"total":27,"covered":26,"skipped":0,"pct":96.3}}
,"C:\\SoftwareStuff\\Projects\\collections\\src\\sorted-array\\sorted-array.ts": {"lines":{"total":266,"covered":255,"skipped":0,"pct":95.86},"functions":{"total":23,"covered":22,"skipped":0,"pct":95.65},"statements":{"total":266,"covered":255,"skipped":0,"pct":95.86},"branches":{"total":41,"covered":39,"skipped":0,"pct":95.12}}
,"C:\\SoftwareStuff\\Projects\\collections\\src\\tree\\tree.ts": {"lines":{"total":94,"covered":79,"skipped":0,"pct":84.04},"functions":{"total":9,"covered":6,"skipped":0,"pct":66.67},"statements":{"total":94,"covered":79,"skipped":0,"pct":84.04},"branches":{"total":13,"covered":12,"skipped":0,"pct":92.31}}
}
