{"total": {"lines":{"total":213,"covered":206,"skipped":0,"pct":96.71},"statements":{"total":213,"covered":206,"skipped":0,"pct":96.71},"functions":{"total":19,"covered":19,"skipped":0,"pct":100},"branches":{"total":35,"covered":33,"skipped":0,"pct":94.29}}
,"C:\\SoftwareStuff\\Projects\\collections\\src\\sorted-array\\sorted-array.ts": {"lines":{"total":213,"covered":206,"skipped":0,"pct":96.71},"functions":{"total":19,"covered":19,"skipped":0,"pct":100},"statements":{"total":213,"covered":206,"skipped":0,"pct":96.71},"branches":{"total":35,"covered":33,"skipped":0,"pct":94.29}}
}
