TN:
SF:src\sorted-array\sorted-array.ts
FN:42,SortedArray
FN:148,SortedArray.<computed>
FN:149,next
FN:54,get
FN:61,Object.<anonymous>.SortedArray.add
FN:74,Object.<anonymous>.SortedArray.addMany
FN:84,Object.<anonymous>.SortedArray.contains
FN:92,Object.<anonymous>.SortedArray.find
FN:105,Object.<anonymous>.SortedArray.forEach
FN:114,Object.<anonymous>.SortedArray.map
FN:135,Object.<anonymous>.SortedArray.filter
FN:154,Object.<anonymous>.SortedArray.next
FN:162,Object.<anonymous>.SortedArray.toArray
FN:169,Object.<anonymous>.SortedArray.clone
FN:177,Object.<anonymous>.SortedArray.findIndex
FN:17,Object.<anonymous>.SortedArray.compareNumbers
FN:21,Object.<anonymous>.SortedArray.compareStrings
FN:25,Object.<anonymous>.SortedArray.compareDates
FN:29,Object.<anonymous>.SortedArray.compareFromComparable
FN:38,Object.<anonymous>.SortedArray.compareFromProperty
FNF:20
FNH:19
FNDA:12,SortedArray
FNDA:1,SortedArray.<computed>
FNDA:7,next
FNDA:4,get
FNDA:167,Object.<anonymous>.SortedArray.add
FNDA:10,Object.<anonymous>.SortedArray.addMany
FNDA:7,Object.<anonymous>.SortedArray.contains
FNDA:1,Object.<anonymous>.SortedArray.find
FNDA:1,Object.<anonymous>.SortedArray.forEach
FNDA:1,Object.<anonymous>.SortedArray.map
FNDA:1,Object.<anonymous>.SortedArray.filter
FNDA:7,Object.<anonymous>.SortedArray.next
FNDA:6,Object.<anonymous>.SortedArray.toArray
FNDA:0,Object.<anonymous>.SortedArray.clone
FNDA:175,Object.<anonymous>.SortedArray.findIndex
FNDA:35,Object.<anonymous>.SortedArray.compareNumbers
FNDA:626,Object.<anonymous>.SortedArray.compareStrings
FNDA:7,Object.<anonymous>.SortedArray.compareDates
FNDA:5,Object.<anonymous>.SortedArray.compareFromComparable
FNDA:1,Object.<anonymous>.SortedArray.compareFromProperty
DA:1,1
DA:2,1
DA:3,1
DA:4,1
DA:5,1
DA:6,1
DA:7,1
DA:8,1
DA:9,1
DA:10,1
DA:11,1
DA:12,1
DA:13,1
DA:14,1
DA:15,1
DA:16,1
DA:17,1
DA:18,1
DA:19,1
DA:20,1
DA:21,1
DA:22,1
DA:23,1
DA:24,1
DA:25,1
DA:26,1
DA:27,1
DA:28,1
DA:29,1
DA:30,1
DA:31,1
DA:32,1
DA:33,1
DA:34,1
DA:35,1
DA:36,1
DA:37,1
DA:38,1
DA:39,1
DA:40,1
DA:41,1
DA:42,1
DA:43,12
DA:44,12
DA:45,12
DA:46,12
DA:47,7
DA:48,7
DA:49,12
DA:50,1
DA:51,1
DA:52,1
DA:53,1
DA:54,1
DA:55,4
DA:56,4
DA:57,1
DA:58,1
DA:59,1
DA:60,1
DA:61,1
DA:62,167
DA:63,167
DA:64,167
DA:65,167
DA:66,167
DA:67,167
DA:68,167
DA:69,1
DA:70,1
DA:71,1
DA:72,1
DA:73,1
DA:74,1
DA:75,10
DA:76,164
DA:77,164
DA:78,10
DA:79,1
DA:80,1
DA:81,1
DA:82,1
DA:83,1
DA:84,1
DA:85,7
DA:86,7
DA:87,1
DA:88,1
DA:89,1
DA:90,1
DA:91,1
DA:92,1
DA:93,1
DA:94,1
DA:95,1
DA:96,1
DA:97,0
DA:98,0
DA:99,1
DA:100,1
DA:101,1
DA:102,1
DA:103,1
DA:104,1
DA:105,1
DA:106,1
DA:107,1
DA:108,1
DA:109,1
DA:110,1
DA:111,1
DA:112,1
DA:113,1
DA:114,1
DA:115,1
DA:116,1
DA:117,1
DA:118,1
DA:119,1
DA:120,1
DA:121,1
DA:122,1
DA:123,1
DA:124,1
DA:125,3
DA:126,3
DA:127,1
DA:128,1
DA:129,1
DA:130,1
DA:131,1
DA:132,1
DA:133,1
DA:134,1
DA:135,1
DA:136,1
DA:137,1
DA:138,1
DA:139,1
DA:140,1
DA:141,1
DA:142,1
DA:143,1
DA:144,1
DA:145,1
DA:146,1
DA:147,1
DA:148,1
DA:149,1
DA:150,7
DA:151,1
DA:152,1
DA:153,1
DA:154,1
DA:155,7
DA:156,7
DA:157,7
DA:158,7
DA:159,7
DA:160,7
DA:161,1
DA:162,1
DA:163,6
DA:164,6
DA:165,1
DA:166,1
DA:167,1
DA:168,1
DA:169,1
DA:170,0
DA:171,0
DA:172,0
DA:173,0
DA:174,0
DA:175,0
DA:176,1
DA:177,1
DA:178,175
DA:179,175
DA:180,175
DA:181,175
DA:182,175
DA:183,175
DA:184,175
DA:185,175
DA:186,175
DA:187,842
DA:188,842
DA:189,842
DA:190,842
DA:191,842
DA:192,842
DA:193,169
DA:194,169
DA:195,169
DA:196,169
DA:197,842
DA:198,0
DA:199,0
DA:200,0
DA:201,0
DA:202,0
DA:203,673
DA:204,673
DA:205,673
DA:206,673
DA:207,673
DA:208,842
DA:209,6
DA:210,6
DA:211,6
DA:212,6
DA:213,6
DA:214,667
DA:215,667
DA:216,842
DA:217,388
DA:218,842
DA:219,279
DA:220,279
DA:221,279
DA:222,279
DA:223,842
DA:224,175
DA:225,1
LF:225
LH:212
BRDA:5,0,0,1
BRDA:42,1,0,12
BRDA:46,2,0,7
BRDA:148,3,0,1
BRDA:149,4,0,7
BRDA:54,5,0,4
BRDA:61,6,0,167
BRDA:74,7,0,10
BRDA:75,8,0,164
BRDA:84,9,0,7
BRDA:92,10,0,1
BRDA:96,11,0,0
BRDA:105,12,0,1
BRDA:106,13,0,6
BRDA:114,14,0,1
BRDA:124,15,0,3
BRDA:135,16,0,1
BRDA:136,17,0,7
BRDA:154,18,0,7
BRDA:162,19,0,6
BRDA:177,20,0,175
BRDA:186,21,0,842
BRDA:192,22,0,169
BRDA:197,23,0,673
BRDA:197,24,0,0
BRDA:208,25,0,6
BRDA:214,26,0,667
BRDA:216,27,0,388
BRDA:218,28,0,279
BRDA:17,29,0,35
BRDA:21,30,0,626
BRDA:25,31,0,7
BRDA:29,32,0,5
BRDA:38,33,0,1
BRDA:39,34,0,6
BRF:35
BRH:33
end_of_record
