TN:
SF:src\sorted-array\sorted-array.ts
FN:41,SortedArray
FN:147,SortedArray.<computed>
FN:148,next
FN:53,get
FN:60,Object.<anonymous>.SortedArray.add
FN:73,Object.<anonymous>.SortedArray.addMany
FN:83,Object.<anonymous>.SortedArray.contains
FN:91,Object.<anonymous>.SortedArray.find
FN:104,Object.<anonymous>.SortedArray.forEach
FN:113,Object.<anonymous>.SortedArray.map
FN:134,Object.<anonymous>.SortedArray.filter
FN:153,Object.<anonymous>.SortedArray.next
FN:161,Object.<anonymous>.SortedArray.toArray
FN:165,Object.<anonymous>.SortedArray.findIndex
FN:16,Object.<anonymous>.SortedArray.compareNumbers
FN:20,Object.<anonymous>.SortedArray.compareStrings
FN:24,Object.<anonymous>.SortedArray.compareDates
FN:28,Object.<anonymous>.SortedArray.compareFromComparable
FN:37,Object.<anonymous>.SortedArray.compareFromProperty
FNF:19
FNH:19
FNDA:12,SortedArray
FNDA:1,SortedArray.<computed>
FNDA:7,next
FNDA:4,get
FNDA:167,Object.<anonymous>.SortedArray.add
FNDA:10,Object.<anonymous>.SortedArray.addMany
FNDA:7,Object.<anonymous>.SortedArray.contains
FNDA:1,Object.<anonymous>.SortedArray.find
FNDA:1,Object.<anonymous>.SortedArray.forEach
FNDA:1,Object.<anonymous>.SortedArray.map
FNDA:1,Object.<anonymous>.SortedArray.filter
FNDA:7,Object.<anonymous>.SortedArray.next
FNDA:6,Object.<anonymous>.SortedArray.toArray
FNDA:175,Object.<anonymous>.SortedArray.findIndex
FNDA:35,Object.<anonymous>.SortedArray.compareNumbers
FNDA:626,Object.<anonymous>.SortedArray.compareStrings
FNDA:7,Object.<anonymous>.SortedArray.compareDates
FNDA:5,Object.<anonymous>.SortedArray.compareFromComparable
FNDA:1,Object.<anonymous>.SortedArray.compareFromProperty
DA:1,1
DA:2,1
DA:3,1
DA:4,1
DA:5,1
DA:6,1
DA:7,1
DA:8,1
DA:9,1
DA:10,1
DA:11,1
DA:12,1
DA:13,1
DA:14,1
DA:15,1
DA:16,1
DA:17,1
DA:18,1
DA:19,1
DA:20,1
DA:21,1
DA:22,1
DA:23,1
DA:24,1
DA:25,1
DA:26,1
DA:27,1
DA:28,1
DA:29,1
DA:30,1
DA:31,1
DA:32,1
DA:33,1
DA:34,1
DA:35,1
DA:36,1
DA:37,1
DA:38,1
DA:39,1
DA:40,1
DA:41,1
DA:42,12
DA:43,12
DA:44,12
DA:45,12
DA:46,7
DA:47,7
DA:48,12
DA:49,1
DA:50,1
DA:51,1
DA:52,1
DA:53,1
DA:54,4
DA:55,4
DA:56,1
DA:57,1
DA:58,1
DA:59,1
DA:60,1
DA:61,167
DA:62,167
DA:63,167
DA:64,167
DA:65,167
DA:66,167
DA:67,167
DA:68,1
DA:69,1
DA:70,1
DA:71,1
DA:72,1
DA:73,1
DA:74,10
DA:75,164
DA:76,164
DA:77,10
DA:78,1
DA:79,1
DA:80,1
DA:81,1
DA:82,1
DA:83,1
DA:84,7
DA:85,7
DA:86,1
DA:87,1
DA:88,1
DA:89,1
DA:90,1
DA:91,1
DA:92,1
DA:93,1
DA:94,1
DA:95,1
DA:96,0
DA:97,0
DA:98,1
DA:99,1
DA:100,1
DA:101,1
DA:102,1
DA:103,1
DA:104,1
DA:105,1
DA:106,1
DA:107,1
DA:108,1
DA:109,1
DA:110,1
DA:111,1
DA:112,1
DA:113,1
DA:114,1
DA:115,1
DA:116,1
DA:117,1
DA:118,1
DA:119,1
DA:120,1
DA:121,1
DA:122,1
DA:123,1
DA:124,3
DA:125,3
DA:126,1
DA:127,1
DA:128,1
DA:129,1
DA:130,1
DA:131,1
DA:132,1
DA:133,1
DA:134,1
DA:135,1
DA:136,1
DA:137,1
DA:138,1
DA:139,1
DA:140,1
DA:141,1
DA:142,1
DA:143,1
DA:144,1
DA:145,1
DA:146,1
DA:147,1
DA:148,1
DA:149,7
DA:150,1
DA:151,1
DA:152,1
DA:153,1
DA:154,7
DA:155,7
DA:156,7
DA:157,7
DA:158,7
DA:159,7
DA:160,1
DA:161,1
DA:162,6
DA:163,6
DA:164,1
DA:165,1
DA:166,175
DA:167,175
DA:168,175
DA:169,175
DA:170,175
DA:171,175
DA:172,175
DA:173,175
DA:174,175
DA:175,842
DA:176,842
DA:177,842
DA:178,842
DA:179,842
DA:180,842
DA:181,169
DA:182,169
DA:183,169
DA:184,169
DA:185,842
DA:186,0
DA:187,0
DA:188,0
DA:189,0
DA:190,0
DA:191,673
DA:192,673
DA:193,673
DA:194,673
DA:195,673
DA:196,842
DA:197,6
DA:198,6
DA:199,6
DA:200,6
DA:201,6
DA:202,667
DA:203,667
DA:204,842
DA:205,388
DA:206,842
DA:207,279
DA:208,279
DA:209,279
DA:210,279
DA:211,842
DA:212,175
DA:213,1
LF:213
LH:206
BRDA:4,0,0,1
BRDA:41,1,0,12
BRDA:45,2,0,7
BRDA:147,3,0,1
BRDA:148,4,0,7
BRDA:53,5,0,4
BRDA:60,6,0,167
BRDA:73,7,0,10
BRDA:74,8,0,164
BRDA:83,9,0,7
BRDA:91,10,0,1
BRDA:95,11,0,0
BRDA:104,12,0,1
BRDA:105,13,0,6
BRDA:113,14,0,1
BRDA:123,15,0,3
BRDA:134,16,0,1
BRDA:135,17,0,7
BRDA:153,18,0,7
BRDA:161,19,0,6
BRDA:165,20,0,175
BRDA:174,21,0,842
BRDA:180,22,0,169
BRDA:185,23,0,673
BRDA:185,24,0,0
BRDA:196,25,0,6
BRDA:202,26,0,667
BRDA:204,27,0,388
BRDA:206,28,0,279
BRDA:16,29,0,35
BRDA:20,30,0,626
BRDA:24,31,0,7
BRDA:28,32,0,5
BRDA:37,33,0,1
BRDA:38,34,0,6
BRF:35
BRH:33
end_of_record
